{"/Users/huguang/Desktop/webpack-template/build-webpack/lib/webpack.base.js":{"path":"/Users/huguang/Desktop/webpack-template/build-webpack/lib/webpack.base.js","s":{"1":1,"2":1,"3":1,"4":1,"5":1,"6":1,"7":1,"8":1,"9":1,"10":1,"11":1,"12":1,"13":1,"14":4,"15":4,"16":4,"17":4,"18":4,"19":1,"20":1,"21":1,"22":0,"23":0,"24":0,"25":0,"26":0},"b":{"1":[4,4],"2":[0,0],"3":[0,0,0]},"f":{"1":0},"fnMap":{"1":{"name":"errorPlugin","line":126,"loc":{"start":{"line":126,"column":4},"end":{"line":126,"column":27}}}},"statementMap":{"1":{"start":{"line":3,"column":0},"end":{"line":3,"column":29}},"2":{"start":{"line":4,"column":0},"end":{"line":4,"column":29}},"3":{"start":{"line":5,"column":0},"end":{"line":5,"column":45}},"4":{"start":{"line":6,"column":0},"end":{"line":6,"column":63}},"5":{"start":{"line":7,"column":0},"end":{"line":7,"column":57}},"6":{"start":{"line":8,"column":0},"end":{"line":8,"column":67}},"7":{"start":{"line":9,"column":0},"end":{"line":9,"column":64}},"8":{"start":{"line":10,"column":0},"end":{"line":10,"column":29}},"9":{"start":{"line":12,"column":0},"end":{"line":42,"column":2}},"10":{"start":{"line":13,"column":2},"end":{"line":13,"column":19}},"11":{"start":{"line":14,"column":2},"end":{"line":14,"column":32}},"12":{"start":{"line":15,"column":2},"end":{"line":15,"column":82}},"13":{"start":{"line":16,"column":2},"end":{"line":37,"column":5}},"14":{"start":{"line":17,"column":4},"end":{"line":17,"column":35}},"15":{"start":{"line":18,"column":4},"end":{"line":18,"column":60}},"16":{"start":{"line":19,"column":4},"end":{"line":19,"column":39}},"17":{"start":{"line":20,"column":4},"end":{"line":20,"column":27}},"18":{"start":{"line":21,"column":4},"end":{"line":36,"column":6}},"19":{"start":{"line":38,"column":2},"end":{"line":41,"column":4}},"20":{"start":{"line":43,"column":0},"end":{"line":43,"column":47}},"21":{"start":{"line":44,"column":0},"end":{"line":139,"column":2}},"22":{"start":{"line":81,"column":29},"end":{"line":85,"column":15}},"23":{"start":{"line":127,"column":6},"end":{"line":133,"column":9}},"24":{"start":{"line":128,"column":8},"end":{"line":132,"column":9}},"25":{"start":{"line":130,"column":10},"end":{"line":130,"column":37}},"26":{"start":{"line":131,"column":10},"end":{"line":131,"column":26}}},"branchMap":{"1":{"line":19,"type":"binary-expr","locations":[{"start":{"line":19,"column":21},"end":{"line":19,"column":26}},{"start":{"line":19,"column":30},"end":{"line":19,"column":38}}]},"2":{"line":128,"type":"if","locations":[{"start":{"line":128,"column":8},"end":{"line":128,"column":8}},{"start":{"line":128,"column":8},"end":{"line":128,"column":8}}]},"3":{"line":128,"type":"binary-expr","locations":[{"start":{"line":128,"column":12},"end":{"line":128,"column":36}},{"start":{"line":128,"column":40},"end":{"line":128,"column":71}},{"start":{"line":129,"column":13},"end":{"line":129,"column":51}}]}}}}